<?xml version="1.0" encoding="UTF-8"?>
<!-- Generated by org.testng.reporters.JUnitReportReporter -->
<testsuite hostname="ENTEIN1LTWKS005" failures="0" tests="6" name="com.NOVO_SEO.AllPage.Unient_BlogPageTest" time="122.853" errors="0" timestamp="2022-10-21T09:20:23 IST" skipped="0">
  <testcase classname="com.NOVO_SEO.AllPage.Unient_BlogPageTest" name="Unient_BlogPageTitleVelidation" time="15.630"/>
  <system-out/>
  <testcase classname="com.NOVO_SEO.AllPage.Unient_BlogPageTest" name="Unient_BlogPageMetaDescriptionVelidation" time="19.750"/>
  <system-out/>
  <testcase classname="com.NOVO_SEO.AllPage.Unient_BlogPageTest" name="Unient_BlogUnientUnveilingPageMetaDescriptionVelidation" time="21.717"/>
  <system-out/>
  <testcase classname="com.NOVO_SEO.AllPage.Unient_BlogPageTest" name="Unient_BlogTrustAndPerformancePageMetaDescriptionVelidation" time="24.533"/>
  <system-out/>
  <testcase classname="com.NOVO_SEO.AllPage.Unient_BlogPageTest" name="Unient_BlogEmployerOfRecordMetaDescriptionVelidation" time="21.013"/>
  <system-out/>
  <testcase classname="com.NOVO_SEO.AllPage.Unient_BlogPageTest" name="Unient_BlogSevenReasonWhyMetaDescriptionVelidation" time="20.210"/>
  <system-out/>
</testsuite> <!-- com.NOVO_SEO.AllPage.Unient_BlogPageTest -->
