<?xml version="1.0" encoding="UTF-8"?>
<!-- Generated by org.testng.reporters.JUnitReportReporter -->
<testsuite hostname="ENTEIN1LTWKS005" failures="0" tests="2" name="com.NOVO_SEO.AllPage.Unient_AboutUsPageTest" time="32.892" errors="0" timestamp="2022-10-14T07:23:28 IST" skipped="0">
  <testcase classname="com.NOVO_SEO.AllPage.Unient_AboutUsPageTest" name="Unient_AboutUsPageTitleVelidation" time="18.454"/>
  <system-out/>
  <testcase classname="com.NOVO_SEO.AllPage.Unient_AboutUsPageTest" name="Unient_AboutUsPageMetaDescriptionVelidation" time="14.438"/>
  <system-out/>
</testsuite> <!-- com.NOVO_SEO.AllPage.Unient_AboutUsPageTest -->
