<?xml version="1.0" encoding="UTF-8"?>
<!-- Generated by org.testng.reporters.JUnitReportReporter -->
<testsuite hostname="ENTEIN1LTWKS005" failures="0" tests="2" name="com.NOVO_SEO.AllPage.Unient_TeamsPageTest" time="36.709" errors="0" timestamp="2022-10-21T10:37:27 IST" skipped="0">
  <testcase classname="com.NOVO_SEO.AllPage.Unient_TeamsPageTest" name="Unient_TeamsPageTitleVelidation" time="18.011"/>
  <system-out/>
  <testcase classname="com.NOVO_SEO.AllPage.Unient_TeamsPageTest" name="Unient_TeamsPageMetaDescriptionVelidation" time="18.698"/>
  <system-out/>
</testsuite> <!-- com.NOVO_SEO.AllPage.Unient_TeamsPageTest -->
