<?xml version="1.0" encoding="UTF-8"?>
<!-- Generated by org.testng.reporters.JUnitReportReporter -->
<testsuite hostname="ENTEIN1LTWKS005" failures="0" tests="1" name="com.NOVO_SEO.LandingPage.Unient_InfotechPageTest" time="16.768" errors="0" timestamp="2022-10-10T07:44:57 IST" skipped="0">
  <testcase classname="com.NOVO_SEO.LandingPage.Unient_InfotechPageTest" name="Unient_infotechPageTitleVelidation" time="16.768"/>
  <system-out/>
</testsuite> <!-- com.NOVO_SEO.LandingPage.Unient_InfotechPageTest -->
