<?xml version="1.0" encoding="UTF-8"?>
<!-- Generated by org.testng.reporters.JUnitReportReporter -->
<testsuite hostname="ENTEIN1LTWKS005" failures="0" tests="2" name="com.NOVO_SEO.AllPage.Unient_AboutUsPageTest" time="46.475" errors="0" timestamp="2022-10-21T09:20:23 IST" skipped="0">
  <testcase classname="com.NOVO_SEO.AllPage.Unient_AboutUsPageTest" name="Unient_AboutUsPageTitleVelidation" time="21.015"/>
  <system-out/>
  <testcase classname="com.NOVO_SEO.AllPage.Unient_AboutUsPageTest" name="Unient_AboutUsPageMetaDescriptionVelidation" time="25.460"/>
  <system-out/>
</testsuite> <!-- com.NOVO_SEO.AllPage.Unient_AboutUsPageTest -->
