<?xml version="1.0" encoding="UTF-8"?>
<!-- Generated by org.testng.reporters.JUnitReportReporter -->
<testsuite hostname="ENTEIN1LTWKS005" failures="0" tests="2" name="com.NOVO_SEO.AllPage.Unient_AboutUsPageTest" time="31.552" errors="0" timestamp="2022-10-21T10:15:36 IST" skipped="0">
  <testcase classname="com.NOVO_SEO.AllPage.Unient_AboutUsPageTest" name="Unient_AboutUsPageTitleVelidation" time="17.065"/>
  <system-out/>
  <testcase classname="com.NOVO_SEO.AllPage.Unient_AboutUsPageTest" name="Unient_AboutUsPageMetaDescriptionVelidation" time="14.487"/>
  <system-out/>
</testsuite> <!-- com.NOVO_SEO.AllPage.Unient_AboutUsPageTest -->
