<?xml version="1.0" encoding="UTF-8"?>
<!-- Generated by org.testng.reporters.JUnitReportReporter -->
<testsuite hostname="ENTEIN1LTWKS005" failures="0" tests="6" name="com.NOVO_SEO.AllPage.Unient_BlogPageTest" time="132.701" errors="0" timestamp="2022-10-21T09:48:33 IST" skipped="0">
  <testcase classname="com.NOVO_SEO.AllPage.Unient_BlogPageTest" name="Unient_BlogPageTitleVelidation" time="15.569"/>
  <system-out/>
  <testcase classname="com.NOVO_SEO.AllPage.Unient_BlogPageTest" name="Unient_BlogPageMetaDescriptionVelidation" time="20.124"/>
  <system-out/>
  <testcase classname="com.NOVO_SEO.AllPage.Unient_BlogPageTest" name="Unient_BlogUnientUnveilingPageMetaDescriptionVelidation" time="26.367"/>
  <system-out/>
  <testcase classname="com.NOVO_SEO.AllPage.Unient_BlogPageTest" name="Unient_BlogTrustAndPerformancePageMetaDescriptionVelidation" time="24.990"/>
  <system-out/>
  <testcase classname="com.NOVO_SEO.AllPage.Unient_BlogPageTest" name="Unient_BlogEmployerOfRecordMetaDescriptionVelidation" time="20.971"/>
  <system-out/>
  <testcase classname="com.NOVO_SEO.AllPage.Unient_BlogPageTest" name="Unient_BlogSevenReasonWhyMetaDescriptionVelidation" time="24.680"/>
  <system-out/>
</testsuite> <!-- com.NOVO_SEO.AllPage.Unient_BlogPageTest -->
