<?xml version="1.0" encoding="UTF-8"?>
<!-- Generated by org.testng.reporters.JUnitReportReporter -->
<testsuite hostname="ENTEIN1LTWKS005" failures="0" tests="1" name="com.NOVO_SEO.LandingPage.Unient_BlogPageTest" time="18.729" errors="0" timestamp="2022-10-10T08:19:45 IST" skipped="0">
  <testcase classname="com.NOVO_SEO.LandingPage.Unient_BlogPageTest" name="Unient_blogPageTitleVelidation" time="18.729"/>
  <system-out/>
</testsuite> <!-- com.NOVO_SEO.LandingPage.Unient_BlogPageTest -->
