<?xml version="1.0" encoding="UTF-8"?>
<!-- Generated by org.testng.reporters.JUnitReportReporter -->
<testsuite hostname="ENTEIN1LTWKS005" failures="0" tests="1" name="com.NOVO_SEO.AllPage.Unient_HomePageTest" time="10.348" errors="0" timestamp="2022-10-21T10:14:19 IST" skipped="0">
  <testcase classname="com.NOVO_SEO.AllPage.Unient_HomePageTest" name="Unient_HomePageTitleVelidation" time="10.348"/>
  <system-out/>
</testsuite> <!-- com.NOVO_SEO.AllPage.Unient_HomePageTest -->
