<?xml version="1.0" encoding="UTF-8"?>
<!-- Generated by org.testng.reporters.JUnitReportReporter -->
<testsuite hostname="ENTEIN1LTWKS005" failures="0" tests="1" name="com.NOVO_SEO.AllPage.Unient_HomePageTest" time="7.928" errors="0" timestamp="2022-10-21T09:20:23 IST" skipped="0">
  <testcase classname="com.NOVO_SEO.AllPage.Unient_HomePageTest" name="Unient_HomePageTitleVelidation" time="7.928"/>
  <system-out/>
</testsuite> <!-- com.NOVO_SEO.AllPage.Unient_HomePageTest -->
