<?xml version="1.0" encoding="UTF-8"?>
<!-- Generated by org.testng.reporters.JUnitReportReporter -->
<testsuite hostname="ENTEIN1LTWKS005" failures="0" tests="2" name="com.NOVO_SEO.AllPage.Unient_InfotechPageTest" time="30.417" errors="0" timestamp="2022-10-21T09:20:23 IST" skipped="0">
  <testcase classname="com.NOVO_SEO.AllPage.Unient_InfotechPageTest" name="Unient_InfotechPageTitleVelidation" time="15.182"/>
  <system-out/>
  <testcase classname="com.NOVO_SEO.AllPage.Unient_InfotechPageTest" name="Unient_InfotechPageMetaDescriptionVelidation" time="15.235"/>
  <system-out/>
</testsuite> <!-- com.NOVO_SEO.AllPage.Unient_InfotechPageTest -->
