<?xml version="1.0" encoding="UTF-8"?>
<!-- Generated by org.testng.reporters.JUnitReportReporter -->
<testsuite hostname="ENTEIN1LTWKS005" failures="0" tests="2" name="com.NOVO_SEO.AllPage.Unient_BPOPageTest" time="46.872" errors="0" timestamp="2022-10-21T09:48:33 IST" skipped="0">
  <testcase classname="com.NOVO_SEO.AllPage.Unient_BPOPageTest" name="Unient_BPOPageTitleVelidation" time="21.725"/>
  <system-out/>
  <testcase classname="com.NOVO_SEO.AllPage.Unient_BPOPageTest" name="Unient_BPOPageMetaDescriptionVelidation" time="25.147"/>
  <system-out/>
</testsuite> <!-- com.NOVO_SEO.AllPage.Unient_BPOPageTest -->
