<?xml version="1.0" encoding="UTF-8"?>
<!-- Generated by org.testng.reporters.JUnitReportReporter -->
<testsuite hostname="ENTEIN1LTWKS005" failures="0" tests="1" name="com.NOVO_SEO.LandingPage.Unient_LandingPage" time="10.384" errors="0" timestamp="2022-10-06T12:12:52 IST" skipped="0">
  <testcase classname="com.NOVO_SEO.LandingPage.Unient_LandingPage" name="Unient_homePageTitleVelidation" time="10.384"/>
  <system-out/>
</testsuite> <!-- com.NOVO_SEO.LandingPage.Unient_LandingPage -->
