<?xml version="1.0" encoding="UTF-8"?>
<!-- Generated by org.testng.reporters.JUnitReportReporter -->
<testsuite hostname="ENTEIN1LTWKS005" failures="0" tests="6" name="com.NOVO_SEO.AllPage.Unient_BlogPageTest" time="112.115" errors="0" timestamp="2022-10-14T07:23:28 IST" skipped="0">
  <testcase classname="com.NOVO_SEO.AllPage.Unient_BlogPageTest" name="Unient_BlogPageTitleVelidation" time="14.270"/>
  <system-out/>
  <testcase classname="com.NOVO_SEO.AllPage.Unient_BlogPageTest" name="Unient_BlogPageMetaDescriptionVelidation" time="14.678"/>
  <system-out/>
  <testcase classname="com.NOVO_SEO.AllPage.Unient_BlogPageTest" name="Unient_BlogUnientUnveilingPageMetaDescriptionVelidation" time="20.946"/>
  <system-out/>
  <testcase classname="com.NOVO_SEO.AllPage.Unient_BlogPageTest" name="Unient_BlogTrustAndPerformancePageMetaDescriptionVelidation" time="21.655"/>
  <system-out/>
  <testcase classname="com.NOVO_SEO.AllPage.Unient_BlogPageTest" name="Unient_BlogEmployerOfRecordMetaDescriptionVelidation" time="21.058"/>
  <system-out/>
  <testcase classname="com.NOVO_SEO.AllPage.Unient_BlogPageTest" name="Unient_BlogSevenReasonWhyMetaDescriptionVelidation" time="19.508"/>
  <system-out/>
</testsuite> <!-- com.NOVO_SEO.AllPage.Unient_BlogPageTest -->
